<?xml version="1.0" encoding="UTF-8"?>
<testng-results ignored="0" total="6" passed="6" failed="0" skipped="0">
  <reporter-output>
  </reporter-output>
  <suite started-at="2025-03-21T04:24:00 PDT" name="Suite" finished-at="2025-03-21T04:25:08 PDT" duration-ms="67802">
    <groups>
      <group name="cucumber">
        <method signature="AbstractTestNGCucumberTests.runScenario(io.cucumber.testng.PickleWrapper,io.cucumber.testng.FeatureWrapper)[pri:0, instance:com.Runner.HomeRunnerTestcase@11fc564b]" name="runScenario" class="io.cucumber.testng.AbstractTestNGCucumberTests"/>
        <method signature="AbstractTestNGCucumberTests.runScenario(io.cucumber.testng.PickleWrapper,io.cucumber.testng.FeatureWrapper)[pri:0, instance:com.Runner.ProductRunnerTestcase@32910148]" name="runScenario" class="io.cucumber.testng.AbstractTestNGCucumberTests"/>
      </group> <!-- cucumber -->
    </groups>
    <test started-at="2025-03-21T04:24:00 PDT" name="Test" finished-at="2025-03-21T04:25:08 PDT" duration-ms="67802">
      <class name="com.Runner.HomeRunnerTestcase">
        <test-method is-config="true" signature="setUpClass(org.testng.ITestContext)[pri:0, instance:com.Runner.HomeRunnerTestcase@11fc564b]" started-at="2025-03-21T04:24:00 PDT" name="setUpClass" finished-at="2025-03-21T04:24:02 PDT" duration-ms="1771" status="PASS">
          <params>
            <param index="0">
              <value>
                <![CDATA[org.testng.TestRunner@7015ebef]]>
              </value>
            </param>
          </params>
          <reporter-output>
          </reporter-output>
        </test-method> <!-- setUpClass -->
        <test-method signature="runScenario(io.cucumber.testng.PickleWrapper,io.cucumber.testng.FeatureWrapper)[pri:0, instance:com.Runner.HomeRunnerTestcase@11fc564b]" started-at="2025-03-21T04:24:02 PDT" name="runScenario" description="Runs Cucumber Scenarios" data-provider="scenarios" finished-at="2025-03-21T04:24:08 PDT" duration-ms="5902" status="PASS">
          <params>
            <param index="0">
              <value>
                <![CDATA["Verifying the major sections"]]>
              </value>
            </param>
            <param index="1">
              <value>
                <![CDATA["Home page search"]]>
              </value>
            </param>
          </params>
          <reporter-output>
          </reporter-output>
        </test-method> <!-- runScenario -->
        <test-method signature="runScenario(io.cucumber.testng.PickleWrapper,io.cucumber.testng.FeatureWrapper)[pri:0, instance:com.Runner.HomeRunnerTestcase@11fc564b]" started-at="2025-03-21T04:24:08 PDT" name="runScenario" description="Runs Cucumber Scenarios" data-provider="scenarios" finished-at="2025-03-21T04:24:13 PDT" duration-ms="5105" status="PASS">
          <params>
            <param index="0">
              <value>
                <![CDATA["Verifying the major sections"]]>
              </value>
            </param>
            <param index="1">
              <value>
                <![CDATA["Home page search"]]>
              </value>
            </param>
          </params>
          <reporter-output>
          </reporter-output>
        </test-method> <!-- runScenario -->
        <test-method signature="runScenario(io.cucumber.testng.PickleWrapper,io.cucumber.testng.FeatureWrapper)[pri:0, instance:com.Runner.HomeRunnerTestcase@11fc564b]" started-at="2025-03-21T04:24:13 PDT" name="runScenario" description="Runs Cucumber Scenarios" data-provider="scenarios" finished-at="2025-03-21T04:24:21 PDT" duration-ms="8132" status="PASS">
          <params>
            <param index="0">
              <value>
                <![CDATA["Verify search bar functionality"]]>
              </value>
            </param>
            <param index="1">
              <value>
                <![CDATA["Home page search"]]>
              </value>
            </param>
          </params>
          <reporter-output>
          </reporter-output>
        </test-method> <!-- runScenario -->
        <test-method signature="runScenario(io.cucumber.testng.PickleWrapper,io.cucumber.testng.FeatureWrapper)[pri:0, instance:com.Runner.HomeRunnerTestcase@11fc564b]" started-at="2025-03-21T04:24:21 PDT" name="runScenario" description="Runs Cucumber Scenarios" data-provider="scenarios" finished-at="2025-03-21T04:24:36 PDT" duration-ms="14803" status="PASS">
          <params>
            <param index="0">
              <value>
                <![CDATA["Filtering results by category, price, and ratings"]]>
              </value>
            </param>
            <param index="1">
              <value>
                <![CDATA["Home page search"]]>
              </value>
            </param>
          </params>
          <reporter-output>
          </reporter-output>
        </test-method> <!-- runScenario -->
        <test-method is-config="true" signature="tearDownClass()[pri:0, instance:com.Runner.HomeRunnerTestcase@11fc564b]" started-at="2025-03-21T04:24:36 PDT" name="tearDownClass" finished-at="2025-03-21T04:24:38 PDT" duration-ms="1936" status="PASS">
          <reporter-output>
          </reporter-output>
        </test-method> <!-- tearDownClass -->
      </class> <!-- com.Runner.HomeRunnerTestcase -->
      <class name="com.Runner.ProductRunnerTestcase">
        <test-method is-config="true" signature="setUpClass(org.testng.ITestContext)[pri:0, instance:com.Runner.ProductRunnerTestcase@32910148]" started-at="2025-03-21T04:24:38 PDT" name="setUpClass" finished-at="2025-03-21T04:24:38 PDT" duration-ms="72" status="PASS">
          <params>
            <param index="0">
              <value>
                <![CDATA[org.testng.TestRunner@7015ebef]]>
              </value>
            </param>
          </params>
          <reporter-output>
          </reporter-output>
        </test-method> <!-- setUpClass -->
        <test-method signature="runScenario(io.cucumber.testng.PickleWrapper,io.cucumber.testng.FeatureWrapper)[pri:0, instance:com.Runner.ProductRunnerTestcase@32910148]" started-at="2025-03-21T04:24:38 PDT" name="runScenario" description="Runs Cucumber Scenarios" data-provider="scenarios" finished-at="2025-03-21T04:24:55 PDT" duration-ms="17233" status="PASS">
          <params>
            <param index="0">
              <value>
                <![CDATA["verifying the product details"]]>
              </value>
            </param>
            <param index="1">
              <value>
                <![CDATA["Product details page"]]>
              </value>
            </param>
          </params>
          <reporter-output>
          </reporter-output>
        </test-method> <!-- runScenario -->
        <test-method signature="runScenario(io.cucumber.testng.PickleWrapper,io.cucumber.testng.FeatureWrapper)[pri:0, instance:com.Runner.ProductRunnerTestcase@32910148]" started-at="2025-03-21T04:24:55 PDT" name="runScenario" description="Runs Cucumber Scenarios" data-provider="scenarios" finished-at="2025-03-21T04:25:07 PDT" duration-ms="11985" status="PASS">
          <params>
            <param index="0">
              <value>
                <![CDATA["add the selected product to cart"]]>
              </value>
            </param>
            <param index="1">
              <value>
                <![CDATA["Product details page"]]>
              </value>
            </param>
          </params>
          <reporter-output>
          </reporter-output>
        </test-method> <!-- runScenario -->
        <test-method is-config="true" signature="tearDownClass()[pri:0, instance:com.Runner.ProductRunnerTestcase@32910148]" started-at="2025-03-21T04:25:07 PDT" name="tearDownClass" finished-at="2025-03-21T04:25:08 PDT" duration-ms="712" status="PASS">
          <reporter-output>
          </reporter-output>
        </test-method> <!-- tearDownClass -->
      </class> <!-- com.Runner.ProductRunnerTestcase -->
    </test> <!-- Test -->
  </suite> <!-- Suite -->
</testng-results>
