<?xml version="1.0" encoding="UTF-8"?>
<testsuite xmlns:xsi="http://www.w3.org/2001/XMLSchema-instance" xsi:noNamespaceSchemaLocation="https://maven.apache.org/surefire/maven-surefire-plugin/xsd/surefire-test-report.xsd" name="TestSuite" time="213.672" tests="15" errors="0" skipped="0" failures="4">
  <properties>
[...]
</properties>
  <testcase name="runScenario" classname="com.Runner.HomeRunnerTestcase" time="9.187"/>
  <testcase name="runScenario" classname="com.Runner.HomeRunnerTestcase" time="4.816"/>
  <testcase name="runScenario" classname="com.Runner.HomeRunnerTestcase" time="7.681"/>
  <testcase name="runScenario" classname="com.Runner.HomeRunnerTestcase" time="13.715"/>
  <testcase name="runScenario" classname="com.Runner.RegisterLoginRunnerTestcase" time="13.38">
    <failure message="expected [true] but found [false]" type="java.lang.AssertionError">java.lang.AssertionError: expected [true] but found [false]
</failure>
    <system-out><![CDATA[
@registerwithvalidemail
Scenario Outline: Register on the website with new mail id &amp#27;[90m# src/test/resources/features/RegisterLogin.feature:19&amp#27;[0m
Clicked on register
  &amp#27;[32mWhen &amp#27;[0m&amp#27;[32mclick on register&amp#27;[0m                                   &amp#27;[90m# com.StepDefinition.RegisterLoginStepDef.click_on_register()&amp#27;[0m
Gender choosen
  &amp#27;[32mAnd &amp#27;[0m&amp#27;[32mChoose gender&amp#27;[0m                                        &amp#27;[90m# com.StepDefinition.RegisterLoginStepDef.choose_gender()&amp#27;[0m
Firstname entered
  &amp#27;[32mAnd &amp#27;[0m&amp#27;[32mEnter &amp#27;[0m&amp#27;[32m&amp#27;[1m"Hani"&amp#27;[0m&amp#27;[32m in first name field&amp#27;[0m                     &amp#27;[90m# com.StepDefinition.RegisterLoginStepDef.enter_in_first_name_field(java.lang.String)&amp#27;[0m
Lastname entered
  &amp#27;[32mAnd &amp#27;[0m&amp#27;[32mEnter &amp#27;[0m&amp#27;[32m&amp#27;[1m"Rai"&amp#27;[0m&amp#27;[32m in second name field&amp#27;[0m                     &amp#27;[90m# com.StepDefinition.RegisterLoginStepDef.enter_in_second_name_field(java.lang.String)&amp#27;[0m
Email entered
  &amp#27;[32mAnd &amp#27;[0m&amp#27;[32mEnter &amp#27;[0m&amp#27;[32m&amp#27;[1m"hanigrai@gmail.com"&amp#27;[0m&amp#27;[32m in email field&amp#27;[0m            &amp#27;[90m# com.StepDefinition.RegisterLoginStepDef.enter_in_email_field(java.lang.String)&amp#27;[0m
Password entered
  &amp#27;[32mAnd &amp#27;[0m&amp#27;[32mEnter &amp#27;[0m&amp#27;[32m&amp#27;[1m"pass@123"&amp#27;[0m&amp#27;[32m in password field&amp#27;[0m                   &amp#27;[90m# com.StepDefinition.RegisterLoginStepDef.enter_in_password_field(java.lang.String)&amp#27;[0m
Confirmpassword entered
  &amp#27;[32mAnd &amp#27;[0m&amp#27;[32mEnter &amp#27;[0m&amp#27;[32m&amp#27;[1m"pass@123"&amp#27;[0m&amp#27;[32m in confirm password field&amp#27;[0m           &amp#27;[90m# com.StepDefinition.RegisterLoginStepDef.enter_in_confirm_password_field(java.lang.String)&amp#27;[0m
Clicked register button
  &amp#27;[32mAnd &amp#27;[0m&amp#27;[32mclick on register button&amp#27;[0m                             &amp#27;[90m# com.StepDefinition.RegisterLoginStepDef.click_on_register_button()&amp#27;[0m
  &amp#27;[31mThen &amp#27;[0m&amp#27;[31mRegistered successfuly&amp#27;[0m                              &amp#27;[90m# com.StepDefinition.RegisterLoginStepDef.registered_successfuly()&amp#27;[0m
      &amp#27;[31mjava.lang.AssertionError: expected [true] but found [false]
	at org.testng.Assert.fail(Assert.java:111)
	at org.testng.Assert.failNotEquals(Assert.java:1578)
	at org.testng.Assert.assertTrue(Assert.java:57)
	at org.testng.Assert.assertTrue(Assert.java:67)
	at com.StepDefinition.RegisterLoginStepDef.registered_successfuly(RegisterLoginStepDef.java:75)
	at ✽.Registered successfuly(file:///C:/Users/Administrator/eclipse-workspace/com.DemoWebshop/src/test/resources/features/RegisterLogin.feature:15)
&amp#27;[0m
]]></system-out>
    <system-err><![CDATA[Mar 21, 2025 6:13:12 AM org.openqa.selenium.devtools.CdpVersionFinder findNearestMatch
WARNING: Unable to find an exact match for CDP version 134, returning the closest version; found: 131; Please update to a Selenium version that supports CDP version 134
]]></system-err>
  </testcase>
  <testcase name="runScenario" classname="com.Runner.RegisterLoginRunnerTestcase" time="8.339">
    <failure message="no such element: Unable to locate element: {&quot;method&quot;:&quot;link text&quot;,&quot;selector&quot;:&quot;Log out&quot;}&#10;  (Session info: chrome=134.0.6998.89)&#10;For documentation on this error, please visit: https://www.selenium.dev/documentation/webdriver/troubleshooting/errors#no-such-element-exception&#10;Build info: version: &apos;4.27.0&apos;, revision: &apos;d6e718d134&apos;&#10;System info: os.name: &apos;Windows 10&apos;, os.arch: &apos;amd64&apos;, os.version: &apos;10.0&apos;, java.version: &apos;23.0.2&apos;&#10;Driver info: org.openqa.selenium.chrome.ChromeDriver&#10;Command: [9ea13e6ed2c707820ca5b29198b6fd1e, findElement {using=link text, value=Log out}]&#10;Capabilities {acceptInsecureCerts: false, browserName: chrome, browserVersion: 134.0.6998.89, chrome: {chromedriverVersion: 134.0.6998.90 (219ee74681fc..., userDataDir: C:\Windows\SystemTemp\scope...}, fedcm:accounts: true, goog:chromeOptions: {debuggerAddress: localhost:58086}, networkConnectionEnabled: false, pageLoadStrategy: normal, platformName: windows, proxy: Proxy(), se:cdp: ws://localhost:58086/devtoo..., se:cdpVersion: 134.0.6998.89, setWindowRect: true, strictFileInteractability: false, timeouts: {implicit: 0, pageLoad: 300000, script: 30000}, unhandledPromptBehavior: dismiss and notify, webauthn:extension:credBlob: true, webauthn:extension:largeBlob: true, webauthn:extension:minPinLength: true, webauthn:extension:prf: true, webauthn:virtualAuthenticators: true}&#10;Session ID: 9ea13e6ed2c707820ca5b29198b6fd1e" type="org.openqa.selenium.NoSuchElementException">org.openqa.selenium.NoSuchElementException: 
no such element: Unable to locate element: {"method":"link text","selector":"Log out"}
  (Session info: chrome=134.0.6998.89)
For documentation on this error, please visit: https://www.selenium.dev/documentation/webdriver/troubleshooting/errors#no-such-element-exception
Build info: version: '4.27.0', revision: 'd6e718d134'
System info: os.name: 'Windows 10', os.arch: 'amd64', os.version: '10.0', java.version: '23.0.2'
Driver info: org.openqa.selenium.chrome.ChromeDriver
Command: [9ea13e6ed2c707820ca5b29198b6fd1e, findElement {using=link text, value=Log out}]
Capabilities {acceptInsecureCerts: false, browserName: chrome, browserVersion: 134.0.6998.89, chrome: {chromedriverVersion: 134.0.6998.90 (219ee74681fc..., userDataDir: C:\Windows\SystemTemp\scope...}, fedcm:accounts: true, goog:chromeOptions: {debuggerAddress: localhost:58086}, networkConnectionEnabled: false, pageLoadStrategy: normal, platformName: windows, proxy: Proxy(), se:cdp: ws://localhost:58086/devtoo..., se:cdpVersion: 134.0.6998.89, setWindowRect: true, strictFileInteractability: false, timeouts: {implicit: 0, pageLoad: 300000, script: 30000}, unhandledPromptBehavior: dismiss and notify, webauthn:extension:credBlob: true, webauthn:extension:largeBlob: true, webauthn:extension:minPinLength: true, webauthn:extension:prf: true, webauthn:virtualAuthenticators: true}
Session ID: 9ea13e6ed2c707820ca5b29198b6fd1e
</failure>
    <system-out><![CDATA[
@registerwithinvalidemail
Scenario Outline: Register on the website with invalid email &amp#27;[90m# src/test/resources/features/RegisterLogin.feature:36&amp#27;[0m
  &amp#27;[31mWhen &amp#27;[0m&amp#27;[31mClick on logout&amp#27;[0m                                       &amp#27;[90m# com.StepDefinition.RegisterLoginStepDef.click_on_logout()&amp#27;[0m
      &amp#27;[31morg.openqa.selenium.NoSuchElementException: no such element: Unable to locate element: {"method":"link text","selector":"Log out"}
  (Session info: chrome=134.0.6998.89)
For documentation on this error, please visit: https://www.selenium.dev/documentation/webdriver/troubleshooting/errors#no-such-element-exception
Build info: version: '4.27.0', revision: 'd6e718d134'
System info: os.name: 'Windows 10', os.arch: 'amd64', os.version: '10.0', java.version: '23.0.2'
Driver info: org.openqa.selenium.chrome.ChromeDriver
Command: [9ea13e6ed2c707820ca5b29198b6fd1e, findElement {using=link text, value=Log out}]
Capabilities {acceptInsecureCerts: false, browserName: chrome, browserVersion: 134.0.6998.89, chrome: {chromedriverVersion: 134.0.6998.90 (219ee74681fc..., userDataDir: C:\Windows\SystemTemp\scope...}, fedcm:accounts: true, goog:chromeOptions: {debuggerAddress: localhost:58086}, networkConnectionEnabled: false, pageLoadStrategy: normal, platformName: windows, proxy: Proxy(), se:cdp: ws://localhost:58086/devtoo..., se:cdpVersion: 134.0.6998.89, setWindowRect: true, strictFileInteractability: false, timeouts: {implicit: 0, pageLoad: 300000, script: 30000}, unhandledPromptBehavior: dismiss and notify, webauthn:extension:credBlob: true, webauthn:extension:largeBlob: true, webauthn:extension:minPinLength: true, webauthn:extension:prf: true, webauthn:virtualAuthenticators: true}
Session ID: 9ea13e6ed2c707820ca5b29198b6fd1e
	at java.base/jdk.internal.reflect.DirectConstructorHandleAccessor.newInstance(DirectConstructorHandleAccessor.java:62)
	at java.base/java.lang.reflect.Constructor.newInstanceWithCaller(Constructor.java:501)
	at java.base/java.lang.reflect.Constructor.newInstance(Constructor.java:485)
	at org.openqa.selenium.remote.ErrorCodec.decode(ErrorCodec.java:167)
	at org.openqa.selenium.remote.codec.w3c.W3CHttpResponseCodec.decode(W3CHttpResponseCodec.java:138)
	at org.openqa.selenium.remote.codec.w3c.W3CHttpResponseCodec.decode(W3CHttpResponseCodec.java:50)
	at org.openqa.selenium.remote.HttpCommandExecutor.execute(HttpCommandExecutor.java:190)
	at org.openqa.selenium.remote.service.DriverCommandExecutor.invokeExecute(DriverCommandExecutor.java:216)
	at org.openqa.selenium.remote.service.DriverCommandExecutor.execute(DriverCommandExecutor.java:174)
	at org.openqa.selenium.remote.RemoteWebDriver.execute(RemoteWebDriver.java:545)
	at org.openqa.selenium.remote.ElementLocation$ElementFinder$2.findElement(ElementLocation.java:165)
	at org.openqa.selenium.remote.ElementLocation.findElement(ElementLocation.java:59)
	at org.openqa.selenium.remote.RemoteWebDriver.findElement(RemoteWebDriver.java:368)
	at org.openqa.selenium.remote.RemoteWebDriver.findElement(RemoteWebDriver.java:362)
	at com.Pages.RegisterLoginPage.logoutbtn(RegisterLoginPage.java:85)
	at com.StepDefinition.RegisterLoginStepDef.click_on_logout(RegisterLoginStepDef.java:81)
	at ✽.Click on logout(file:///C:/Users/Administrator/eclipse-workspace/com.DemoWebshop/src/test/resources/features/RegisterLogin.feature:23)
&amp#27;[0m
  &amp#27;[36mAnd &amp#27;[0m&amp#27;[36mclick on register&amp#27;[0m                                      &amp#27;[90m# com.StepDefinition.RegisterLoginStepDef.click_on_register()&amp#27;[0m
  &amp#27;[36mAnd &amp#27;[0m&amp#27;[36mChoose gender&amp#27;[0m                                          &amp#27;[90m# com.StepDefinition.RegisterLoginStepDef.choose_gender()&amp#27;[0m
  &amp#27;[36mAnd &amp#27;[0m&amp#27;[36mEnter &amp#27;[0m&amp#27;[36m&amp#27;[1m"Hani"&amp#27;[0m&amp#27;[36m in first name field&amp#27;[0m                       &amp#27;[90m# com.StepDefinition.RegisterLoginStepDef.enter_in_first_name_field(java.lang.String)&amp#27;[0m
  &amp#27;[36mAnd &amp#27;[0m&amp#27;[36mEnter &amp#27;[0m&amp#27;[36m&amp#27;[1m"Rai"&amp#27;[0m&amp#27;[36m in second name field&amp#27;[0m                       &amp#27;[90m# com.StepDefinition.RegisterLoginStepDef.enter_in_second_name_field(java.lang.String)&amp#27;[0m
  &amp#27;[36mAnd &amp#27;[0m&amp#27;[36mEnter &amp#27;[0m&amp#27;[36m&amp#27;[1m"abhi@gmail.com"&amp#27;[0m&amp#27;[36m in email field&amp#27;[0m                  &amp#27;[90m# com.StepDefinition.RegisterLoginStepDef.enter_in_email_field(java.lang.String)&amp#27;[0m
  &amp#27;[36mAnd &amp#27;[0m&amp#27;[36mEnter &amp#27;[0m&amp#27;[36m&amp#27;[1m"pass@123"&amp#27;[0m&amp#27;[36m in password field&amp#27;[0m                     &amp#27;[90m# com.StepDefinition.RegisterLoginStepDef.enter_in_password_field(java.lang.String)&amp#27;[0m
  &amp#27;[36mAnd &amp#27;[0m&amp#27;[36mEnter &amp#27;[0m&amp#27;[36m&amp#27;[1m"pass@123"&amp#27;[0m&amp#27;[36m in confirm password field&amp#27;[0m             &amp#27;[90m# com.StepDefinition.RegisterLoginStepDef.enter_in_confirm_password_field(java.lang.String)&amp#27;[0m
  &amp#27;[36mAnd &amp#27;[0m&amp#27;[36mclick on register button&amp#27;[0m                               &amp#27;[90m# com.StepDefinition.RegisterLoginStepDef.click_on_register_button()&amp#27;[0m
  &amp#27;[36mThen &amp#27;[0m&amp#27;[36mInvalid email&amp#27;[0m                                         &amp#27;[90m# com.StepDefinition.RegisterLoginStepDef.invalid_email()&amp#27;[0m
]]></system-out>
    <system-err><![CDATA[Mar 21, 2025 6:13:24 AM org.openqa.selenium.devtools.CdpVersionFinder findNearestMatch
WARNING: Unable to find an exact match for CDP version 134, returning the closest version; found: 131; Please update to a Selenium version that supports CDP version 134
]]></system-err>
  </testcase>
  <testcase name="runScenario" classname="com.Runner.RegisterLoginRunnerTestcase" time="16.889"/>
  <testcase name="runScenario" classname="com.Runner.RegisterLoginRunnerTestcase" time="9.031">
    <failure message="no such element: Unable to locate element: {&quot;method&quot;:&quot;link text&quot;,&quot;selector&quot;:&quot;Log out&quot;}&#10;  (Session info: chrome=134.0.6998.89)&#10;For documentation on this error, please visit: https://www.selenium.dev/documentation/webdriver/troubleshooting/errors#no-such-element-exception&#10;Build info: version: &apos;4.27.0&apos;, revision: &apos;d6e718d134&apos;&#10;System info: os.name: &apos;Windows 10&apos;, os.arch: &apos;amd64&apos;, os.version: &apos;10.0&apos;, java.version: &apos;23.0.2&apos;&#10;Driver info: org.openqa.selenium.chrome.ChromeDriver&#10;Command: [f79a0961981e3d778f8c0be01ae763b2, findElement {using=link text, value=Log out}]&#10;Capabilities {acceptInsecureCerts: false, browserName: chrome, browserVersion: 134.0.6998.89, chrome: {chromedriverVersion: 134.0.6998.90 (219ee74681fc..., userDataDir: C:\Windows\SystemTemp\scope...}, fedcm:accounts: true, goog:chromeOptions: {debuggerAddress: localhost:58167}, networkConnectionEnabled: false, pageLoadStrategy: normal, platformName: windows, proxy: Proxy(), se:cdp: ws://localhost:58167/devtoo..., se:cdpVersion: 134.0.6998.89, setWindowRect: true, strictFileInteractability: false, timeouts: {implicit: 0, pageLoad: 300000, script: 30000}, unhandledPromptBehavior: dismiss and notify, webauthn:extension:credBlob: true, webauthn:extension:largeBlob: true, webauthn:extension:minPinLength: true, webauthn:extension:prf: true, webauthn:virtualAuthenticators: true}&#10;Session ID: f79a0961981e3d778f8c0be01ae763b2" type="org.openqa.selenium.NoSuchElementException">org.openqa.selenium.NoSuchElementException: 
no such element: Unable to locate element: {"method":"link text","selector":"Log out"}
  (Session info: chrome=134.0.6998.89)
For documentation on this error, please visit: https://www.selenium.dev/documentation/webdriver/troubleshooting/errors#no-such-element-exception
Build info: version: '4.27.0', revision: 'd6e718d134'
System info: os.name: 'Windows 10', os.arch: 'amd64', os.version: '10.0', java.version: '23.0.2'
Driver info: org.openqa.selenium.chrome.ChromeDriver
Command: [f79a0961981e3d778f8c0be01ae763b2, findElement {using=link text, value=Log out}]
Capabilities {acceptInsecureCerts: false, browserName: chrome, browserVersion: 134.0.6998.89, chrome: {chromedriverVersion: 134.0.6998.90 (219ee74681fc..., userDataDir: C:\Windows\SystemTemp\scope...}, fedcm:accounts: true, goog:chromeOptions: {debuggerAddress: localhost:58167}, networkConnectionEnabled: false, pageLoadStrategy: normal, platformName: windows, proxy: Proxy(), se:cdp: ws://localhost:58167/devtoo..., se:cdpVersion: 134.0.6998.89, setWindowRect: true, strictFileInteractability: false, timeouts: {implicit: 0, pageLoad: 300000, script: 30000}, unhandledPromptBehavior: dismiss and notify, webauthn:extension:credBlob: true, webauthn:extension:largeBlob: true, webauthn:extension:minPinLength: true, webauthn:extension:prf: true, webauthn:virtualAuthenticators: true}
Session ID: f79a0961981e3d778f8c0be01ae763b2
</failure>
    <system-out><![CDATA[
@loginwithinvalidcredentials
Scenario Outline: Login with valid credentials &amp#27;[90m# src/test/resources/features/RegisterLogin.feature:61&amp#27;[0m
  &amp#27;[31mWhen &amp#27;[0m&amp#27;[31mClick on logout&amp#27;[0m                         &amp#27;[90m# com.StepDefinition.RegisterLoginStepDef.click_on_logout()&amp#27;[0m
      &amp#27;[31morg.openqa.selenium.NoSuchElementException: no such element: Unable to locate element: {"method":"link text","selector":"Log out"}
  (Session info: chrome=134.0.6998.89)
For documentation on this error, please visit: https://www.selenium.dev/documentation/webdriver/troubleshooting/errors#no-such-element-exception
Build info: version: '4.27.0', revision: 'd6e718d134'
System info: os.name: 'Windows 10', os.arch: 'amd64', os.version: '10.0', java.version: '23.0.2'
Driver info: org.openqa.selenium.chrome.ChromeDriver
Command: [f79a0961981e3d778f8c0be01ae763b2, findElement {using=link text, value=Log out}]
Capabilities {acceptInsecureCerts: false, browserName: chrome, browserVersion: 134.0.6998.89, chrome: {chromedriverVersion: 134.0.6998.90 (219ee74681fc..., userDataDir: C:\Windows\SystemTemp\scope...}, fedcm:accounts: true, goog:chromeOptions: {debuggerAddress: localhost:58167}, networkConnectionEnabled: false, pageLoadStrategy: normal, platformName: windows, proxy: Proxy(), se:cdp: ws://localhost:58167/devtoo..., se:cdpVersion: 134.0.6998.89, setWindowRect: true, strictFileInteractability: false, timeouts: {implicit: 0, pageLoad: 300000, script: 30000}, unhandledPromptBehavior: dismiss and notify, webauthn:extension:credBlob: true, webauthn:extension:largeBlob: true, webauthn:extension:minPinLength: true, webauthn:extension:prf: true, webauthn:virtualAuthenticators: true}
Session ID: f79a0961981e3d778f8c0be01ae763b2
	at java.base/jdk.internal.reflect.DirectConstructorHandleAccessor.newInstance(DirectConstructorHandleAccessor.java:62)
	at java.base/java.lang.reflect.Constructor.newInstanceWithCaller(Constructor.java:501)
	at java.base/java.lang.reflect.Constructor.newInstance(Constructor.java:485)
	at org.openqa.selenium.remote.ErrorCodec.decode(ErrorCodec.java:167)
	at org.openqa.selenium.remote.codec.w3c.W3CHttpResponseCodec.decode(W3CHttpResponseCodec.java:138)
	at org.openqa.selenium.remote.codec.w3c.W3CHttpResponseCodec.decode(W3CHttpResponseCodec.java:50)
	at org.openqa.selenium.remote.HttpCommandExecutor.execute(HttpCommandExecutor.java:190)
	at org.openqa.selenium.remote.service.DriverCommandExecutor.invokeExecute(DriverCommandExecutor.java:216)
	at org.openqa.selenium.remote.service.DriverCommandExecutor.execute(DriverCommandExecutor.java:174)
	at org.openqa.selenium.remote.RemoteWebDriver.execute(RemoteWebDriver.java:545)
	at org.openqa.selenium.remote.ElementLocation$ElementFinder$2.findElement(ElementLocation.java:165)
	at org.openqa.selenium.remote.ElementLocation.findElement(ElementLocation.java:59)
	at org.openqa.selenium.remote.RemoteWebDriver.findElement(RemoteWebDriver.java:368)
	at org.openqa.selenium.remote.RemoteWebDriver.findElement(RemoteWebDriver.java:362)
	at com.Pages.RegisterLoginPage.logoutbtn(RegisterLoginPage.java:85)
	at com.StepDefinition.RegisterLoginStepDef.click_on_logout(RegisterLoginStepDef.java:81)
	at ✽.Click on logout(file:///C:/Users/Administrator/eclipse-workspace/com.DemoWebshop/src/test/resources/features/RegisterLogin.feature:52)
&amp#27;[0m
  &amp#27;[36mWhen &amp#27;[0m&amp#27;[36mClick on login&amp#27;[0m                          &amp#27;[90m# com.StepDefinition.RegisterLoginStepDef.click_on_login()&amp#27;[0m
  &amp#27;[36mAnd &amp#27;[0m&amp#27;[36mEnter &amp#27;[0m&amp#27;[36m&amp#27;[1m"mon@gmail.com"&amp#27;[0m&amp#27;[36m in email field&amp#27;[0m     &amp#27;[90m# com.StepDefinition.RegisterLoginStepDef.enter_in_email_field(java.lang.String)&amp#27;[0m
  &amp#27;[36mAnd &amp#27;[0m&amp#27;[36mEnter &amp#27;[0m&amp#27;[36m&amp#27;[1m"user12"&amp#27;[0m&amp#27;[36m in password field&amp#27;[0m         &amp#27;[90m# com.StepDefinition.RegisterLoginStepDef.enter_in_password_field(java.lang.String)&amp#27;[0m
  &amp#27;[36mAnd &amp#27;[0m&amp#27;[36mClick on login button&amp#27;[0m                    &amp#27;[90m# com.StepDefinition.RegisterLoginStepDef.click_on_login_button()&amp#27;[0m
  &amp#27;[36mThen &amp#27;[0m&amp#27;[36minvalid login credentials&amp#27;[0m               &amp#27;[90m# com.StepDefinition.RegisterLoginStepDef.invalid_login_credentials()&amp#27;[0m
]]></system-out>
    <system-err><![CDATA[Mar 21, 2025 6:13:50 AM org.openqa.selenium.devtools.CdpVersionFinder findNearestMatch
WARNING: Unable to find an exact match for CDP version 134, returning the closest version; found: 131; Please update to a Selenium version that supports CDP version 134
]]></system-err>
  </testcase>
  <testcase name="runScenario" classname="com.Runner.RegisterLoginRunnerTestcase" time="13.383"/>
  <testcase name="runScenario" classname="com.Runner.RegisterLoginRunnerTestcase" time="22.557"/>
  <testcase name="runScenario" classname="com.Runner.ProductRunnerTestcase" time="21.051"/>
  <testcase name="runScenario" classname="com.Runner.ProductRunnerTestcase" time="13.107"/>
  <testcase name="runScenario" classname="com.Runner.ShoppingRunnerTestcase" time="14.852"/>
  <testcase name="runScenario" classname="com.Runner.ShoppingRunnerTestcase" time="21.016"/>
  <testcase name="runScenario" classname="com.Runner.OrderRunnerTestcase" time="14.605">
    <failure message="element click intercepted: Element &lt;span class=&quot;cart-label&quot;&gt;...&lt;/span&gt; is not clickable at point (1005, 7). Other element would receive the click: &lt;div id=&quot;bar-notification&quot; class=&quot;bar-notification success&quot; style=&quot;display: block;&quot;&gt;...&lt;/div&gt;&#10;  (Session info: chrome=134.0.6998.89)&#10;Build info: version: &apos;4.27.0&apos;, revision: &apos;d6e718d134&apos;&#10;System info: os.name: &apos;Windows 10&apos;, os.arch: &apos;amd64&apos;, os.version: &apos;10.0&apos;, java.version: &apos;23.0.2&apos;&#10;Driver info: org.openqa.selenium.chrome.ChromeDriver&#10;Command: [1a6addada77794d7a4c4819bf59081e1, clickElement {id=f.DCBC576AC9095D80D9BA9BBE7AD3F653.d.4A54F321A756AB7E977E6C36DA997366.e.66}]&#10;Capabilities {acceptInsecureCerts: false, browserName: chrome, browserVersion: 134.0.6998.89, chrome: {chromedriverVersion: 134.0.6998.90 (219ee74681fc..., userDataDir: C:\Windows\SystemTemp\scope...}, fedcm:accounts: true, goog:chromeOptions: {debuggerAddress: localhost:58429}, networkConnectionEnabled: false, pageLoadStrategy: normal, platformName: windows, proxy: Proxy(), se:cdp: ws://localhost:58429/devtoo..., se:cdpVersion: 134.0.6998.89, setWindowRect: true, strictFileInteractability: false, timeouts: {implicit: 0, pageLoad: 300000, script: 30000}, unhandledPromptBehavior: dismiss and notify, webauthn:extension:credBlob: true, webauthn:extension:largeBlob: true, webauthn:extension:minPinLength: true, webauthn:extension:prf: true, webauthn:virtualAuthenticators: true}&#10;Element: [[ChromeDriver: chrome on windows (1a6addada77794d7a4c4819bf59081e1)] -&gt; xpath: //span[normalize-space()=&apos;Shopping cart&apos;]]&#10;Session ID: 1a6addada77794d7a4c4819bf59081e1" type="org.openqa.selenium.ElementClickInterceptedException"><![CDATA[org.openqa.selenium.ElementClickInterceptedException: 
element click intercepted: Element <span class="cart-label">...</span> is not clickable at point (1005, 7). Other element would receive the click: <div id="bar-notification" class="bar-notification success" style="display: block;">...</div>
  (Session info: chrome=134.0.6998.89)
Build info: version: '4.27.0', revision: 'd6e718d134'
System info: os.name: 'Windows 10', os.arch: 'amd64', os.version: '10.0', java.version: '23.0.2'
Driver info: org.openqa.selenium.chrome.ChromeDriver
Command: [1a6addada77794d7a4c4819bf59081e1, clickElement {id=f.DCBC576AC9095D80D9BA9BBE7AD3F653.d.4A54F321A756AB7E977E6C36DA997366.e.66}]
Capabilities {acceptInsecureCerts: false, browserName: chrome, browserVersion: 134.0.6998.89, chrome: {chromedriverVersion: 134.0.6998.90 (219ee74681fc..., userDataDir: C:\Windows\SystemTemp\scope...}, fedcm:accounts: true, goog:chromeOptions: {debuggerAddress: localhost:58429}, networkConnectionEnabled: false, pageLoadStrategy: normal, platformName: windows, proxy: Proxy(), se:cdp: ws://localhost:58429/devtoo..., se:cdpVersion: 134.0.6998.89, setWindowRect: true, strictFileInteractability: false, timeouts: {implicit: 0, pageLoad: 300000, script: 30000}, unhandledPromptBehavior: dismiss and notify, webauthn:extension:credBlob: true, webauthn:extension:largeBlob: true, webauthn:extension:minPinLength: true, webauthn:extension:prf: true, webauthn:virtualAuthenticators: true}
Element: [[ChromeDriver: chrome on windows (1a6addada77794d7a4c4819bf59081e1)] -> xpath: //span[normalize-space()='Shopping cart']]
Session ID: 1a6addada77794d7a4c4819bf59081e1
]]></failure>
    <system-out><![CDATA[
@orderPlacement
Scenario: adding items and purchasing              &amp#27;[90m# src/test/resources/features/OrderPlacement.feature:19&amp#27;[0m
  &amp#27;[32mGiven &amp#27;[0m&amp#27;[32mI search &amp#27;[0m&amp#27;[32m&amp#27;[1m"health book"&amp#27;[0m&amp#27;[32m for adding to cart&amp#27;[0m  &amp#27;[90m# com.StepDefinition.OrderStepDef.i_search_for_adding_to_cart(java.lang.String)&amp#27;[0m
  &amp#27;[32mWhen &amp#27;[0m&amp#27;[32mI add the product to cart&amp#27;[0m                   &amp#27;[90m# com.StepDefinition.OrderStepDef.i_add_the_product_to_cart()&amp#27;[0m
  &amp#27;[31mAnd &amp#27;[0m&amp#27;[31mI click on shopping cart link&amp#27;[0m                &amp#27;[90m# com.StepDefinition.OrderStepDef.i_click_on_shopping_cart_link()&amp#27;[0m
      &amp#27;[31morg.openqa.selenium.ElementClickInterceptedException: element click intercepted: Element <span class="cart-label">...</span> is not clickable at point (1005, 7). Other element would receive the click: <div id="bar-notification" class="bar-notification success" style="display: block;">...</div>
  (Session info: chrome=134.0.6998.89)
Build info: version: '4.27.0', revision: 'd6e718d134'
System info: os.name: 'Windows 10', os.arch: 'amd64', os.version: '10.0', java.version: '23.0.2'
Driver info: org.openqa.selenium.chrome.ChromeDriver
Command: [1a6addada77794d7a4c4819bf59081e1, clickElement {id=f.DCBC576AC9095D80D9BA9BBE7AD3F653.d.4A54F321A756AB7E977E6C36DA997366.e.66}]
Capabilities {acceptInsecureCerts: false, browserName: chrome, browserVersion: 134.0.6998.89, chrome: {chromedriverVersion: 134.0.6998.90 (219ee74681fc..., userDataDir: C:\Windows\SystemTemp\scope...}, fedcm:accounts: true, goog:chromeOptions: {debuggerAddress: localhost:58429}, networkConnectionEnabled: false, pageLoadStrategy: normal, platformName: windows, proxy: Proxy(), se:cdp: ws://localhost:58429/devtoo..., se:cdpVersion: 134.0.6998.89, setWindowRect: true, strictFileInteractability: false, timeouts: {implicit: 0, pageLoad: 300000, script: 30000}, unhandledPromptBehavior: dismiss and notify, webauthn:extension:credBlob: true, webauthn:extension:largeBlob: true, webauthn:extension:minPinLength: true, webauthn:extension:prf: true, webauthn:virtualAuthenticators: true}
Element: [[ChromeDriver: chrome on windows (1a6addada77794d7a4c4819bf59081e1)] -> xpath: //span[normalize-space()='Shopping cart']]
Session ID: 1a6addada77794d7a4c4819bf59081e1
	at java.base/jdk.internal.reflect.DirectConstructorHandleAccessor.newInstance(DirectConstructorHandleAccessor.java:62)
	at java.base/java.lang.reflect.Constructor.newInstanceWithCaller(Constructor.java:501)
	at java.base/java.lang.reflect.Constructor.newInstance(Constructor.java:485)
	at org.openqa.selenium.remote.ErrorCodec.decode(ErrorCodec.java:167)
	at org.openqa.selenium.remote.codec.w3c.W3CHttpResponseCodec.decode(W3CHttpResponseCodec.java:138)
	at org.openqa.selenium.remote.codec.w3c.W3CHttpResponseCodec.decode(W3CHttpResponseCodec.java:50)
	at org.openqa.selenium.remote.HttpCommandExecutor.execute(HttpCommandExecutor.java:190)
	at org.openqa.selenium.remote.service.DriverCommandExecutor.invokeExecute(DriverCommandExecutor.java:216)
	at org.openqa.selenium.remote.service.DriverCommandExecutor.execute(DriverCommandExecutor.java:174)
	at org.openqa.selenium.remote.RemoteWebDriver.execute(RemoteWebDriver.java:545)
	at org.openqa.selenium.remote.RemoteWebElement.execute(RemoteWebElement.java:223)
	at org.openqa.selenium.remote.RemoteWebElement.click(RemoteWebElement.java:76)
	at com.Pages.OrderPage.shoppinglink(OrderPage.java:58)
	at com.StepDefinition.OrderStepDef.i_click_on_shopping_cart_link(OrderStepDef.java:32)
	at ✽.I click on shopping cart link(file:///C:/Users/Administrator/eclipse-workspace/com.DemoWebshop/src/test/resources/features/OrderPlacement.feature:7)
&amp#27;[0m
  &amp#27;[36mAnd &amp#27;[0m&amp#27;[36mI click on checkout&amp#27;[0m                          &amp#27;[90m# com.StepDefinition.OrderStepDef.i_click_on_checkout()&amp#27;[0m
  &amp#27;[36mAnd &amp#27;[0m&amp#27;[36mI login and proceed to checkout&amp#27;[0m              &amp#27;[90m# com.StepDefinition.OrderStepDef.i_login_and_proceed_to_checkout()&amp#27;[0m
  &amp#27;[36mAnd &amp#27;[0m&amp#27;[36mI enter billing address&amp#27;[0m                      &amp#27;[90m# com.StepDefinition.OrderStepDef.i_enter_billing_address()&amp#27;[0m
  &amp#27;[36mAnd &amp#27;[0m&amp#27;[36mI continue with shipping address&amp#27;[0m             &amp#27;[90m# com.StepDefinition.OrderStepDef.i_continue_with_shipping_address()&amp#27;[0m
  &amp#27;[36mAnd &amp#27;[0m&amp#27;[36mI continue with shipping method&amp#27;[0m              &amp#27;[90m# com.StepDefinition.OrderStepDef.i_continue_with_shipping_method()&amp#27;[0m
  &amp#27;[36mAnd &amp#27;[0m&amp#27;[36mI continue with payment methods&amp#27;[0m              &amp#27;[90m# com.StepDefinition.OrderStepDef.i_continue_with_payment_methods()&amp#27;[0m
  &amp#27;[36mAnd &amp#27;[0m&amp#27;[36mI confirm order&amp#27;[0m                              &amp#27;[90m# com.StepDefinition.OrderStepDef.i_confirm_order()&amp#27;[0m
  &amp#27;[36mThen &amp#27;[0m&amp#27;[36mI validate the successfully processed order&amp#27;[0m &amp#27;[90m# com.StepDefinition.OrderStepDef.i_validate_the_successfully_processed_order()&amp#27;[0m
]]></system-out>
    <system-err><![CDATA[Mar 21, 2025 6:15:51 AM org.openqa.selenium.devtools.CdpVersionFinder findNearestMatch
WARNING: Unable to find an exact match for CDP version 134, returning the closest version; found: 131; Please update to a Selenium version that supports CDP version 134
]]></system-err>
  </testcase>
</testsuite>