<?xml version="1.0" encoding="UTF-8"?>
<!-- Generated by org.testng.reporters.JUnitReportReporter -->
<testsuite hostname="DESKTOP-KHFPL78" failures="0" tests="1" name="com.Runner.Runner" time="94.409" errors="1" timestamp="2025-03-17T03:43:51 PDT" skipped="0">
  <testcase classname="com.Runner.Runner" name="runScenario" time="94.409">
    <error message="Cannot invoke &quot;com.aventstack.extentreports.ExtentTest.log(com.aventstack.extentreports.Status, String)&quot; because &quot;test&quot; is null" type="java.lang.NullPointerException">
      <![CDATA[java.lang.NullPointerException: Cannot invoke "com.aventstack.extentreports.ExtentTest.log(com.aventstack.extentreports.Status, String)" because "test" is null
at com.Utility.Reports.generateReport(Reports.java:22)
at com.Pages.HomePage.verifyFeature(HomePage.java:44)
at com.StepDefinition.HomeStepDef.i_verify_the_featured_products(HomeStepDef.java:36)
at ✽.I verify the Featured Products(file:///C:/Users/Administrator/eclipse-workspace/com.Capstone/src/test/resources/features/HomePageSearch.feature:7)
]]>
    </error>
  </testcase> <!-- runScenario -->
</testsuite> <!-- com.Runner.Runner -->
